<?xml version="1.0" encoding="UTF-8"?>
<testsuite name="servlets.PaymentServletTest" tests="1" skipped="0" failures="0" errors="0" timestamp="2022-06-17T15:04:03" hostname="G5_TEST_DMIT" time="0.909">
  <properties/>
  <testcase name="doPostTest()" classname="servlets.PaymentServletTest" time="0.909"/>
  <system-out><![CDATA[]]></system-out>
  <system-err><![CDATA[]]></system-err>
</testsuite>
